<?xml version="1.0" encoding="UTF-8"?>
<testsuite name="com.myfastcampuspay.banking.RegisterBankAccountControllerTest" tests="1" skipped="0" failures="0" errors="0" timestamp="2024-04-17T13:21:42" hostname="MacBook-Pro-2.local" time="0.139">
  <properties/>
  <testcase name="testRegisterMembership" classname="com.myfastcampuspay.banking.RegisterBankAccountControllerTest" time="0.139"/>
  <system-out><![CDATA[22:21:39.811 [Test worker] DEBUG org.springframework.test.context.junit4.SpringJUnit4ClassRunner - SpringJUnit4ClassRunner constructor called with [class com.myfastcampuspay.banking.RegisterBankAccountControllerTest]
22:21:39.816 [Test worker] DEBUG org.springframework.test.context.BootstrapUtils - Instantiating CacheAwareContextLoaderDelegate from class [org.springframework.test.context.cache.DefaultCacheAwareContextLoaderDelegate]
22:21:39.820 [Test worker] DEBUG org.springframework.test.context.BootstrapUtils - Instantiating BootstrapContext using constructor [public org.springframework.test.context.support.DefaultBootstrapContext(java.lang.Class,org.springframework.test.context.CacheAwareContextLoaderDelegate)]
22:21:39.840 [Test worker] DEBUG org.springframework.test.context.BootstrapUtils - Instantiating TestContextBootstrapper for test class [com.myfastcampuspay.banking.RegisterBankAccountControllerTest] from class [org.springframework.boot.test.context.SpringBootTestContextBootstrapper]
22:21:39.845 [Test worker] INFO org.springframework.boot.test.context.SpringBootTestContextBootstrapper - Neither @ContextConfiguration nor @ContextHierarchy found for test class [com.myfastcampuspay.banking.RegisterBankAccountControllerTest], using SpringBootContextLoader
22:21:39.847 [Test worker] DEBUG org.springframework.test.context.support.AbstractContextLoader - Did not detect default resource location for test class [com.myfastcampuspay.banking.RegisterBankAccountControllerTest]: class path resource [com/myfastcampuspay/banking/RegisterBankAccountControllerTest-context.xml] does not exist
22:21:39.847 [Test worker] DEBUG org.springframework.test.context.support.AbstractContextLoader - Did not detect default resource location for test class [com.myfastcampuspay.banking.RegisterBankAccountControllerTest]: class path resource [com/myfastcampuspay/banking/RegisterBankAccountControllerTestContext.groovy] does not exist
22:21:39.848 [Test worker] INFO org.springframework.test.context.support.AbstractContextLoader - Could not detect default resource locations for test class [com.myfastcampuspay.banking.RegisterBankAccountControllerTest]: no resource found for suffixes {-context.xml, Context.groovy}.
22:21:39.848 [Test worker] INFO org.springframework.test.context.support.AnnotationConfigContextLoaderUtils - Could not detect default configuration classes for test class [com.myfastcampuspay.banking.RegisterBankAccountControllerTest]: RegisterBankAccountControllerTest does not declare any static, non-private, non-final, nested classes annotated with @Configuration.
22:21:39.880 [Test worker] DEBUG org.springframework.test.context.support.ActiveProfilesUtils - Could not find an 'annotation declaring class' for annotation type [org.springframework.test.context.ActiveProfiles] and class [com.myfastcampuspay.banking.RegisterBankAccountControllerTest]
22:21:39.904 [Test worker] DEBUG org.springframework.context.annotation.ClassPathScanningCandidateComponentProvider - Identified candidate component class: file [/Users/kylekim/Desktop/Web_Dev/myfastcampusPay/banking-service/build/classes/java/main/com/myfastcampuspay/banking/BankingApplication.class]
22:21:39.905 [Test worker] INFO org.springframework.boot.test.context.SpringBootTestContextBootstrapper - Found @SpringBootConfiguration com.myfastcampuspay.banking.BankingApplication for test class com.myfastcampuspay.banking.RegisterBankAccountControllerTest
22:21:39.948 [Test worker] DEBUG org.springframework.boot.test.context.SpringBootTestContextBootstrapper - @TestExecutionListeners is not present for class [com.myfastcampuspay.banking.RegisterBankAccountControllerTest]: using defaults.
22:21:39.948 [Test worker] INFO org.springframework.boot.test.context.SpringBootTestContextBootstrapper - Loaded default TestExecutionListener class names from location [META-INF/spring.factories]: [org.springframework.boot.test.autoconfigure.restdocs.RestDocsTestExecutionListener, org.springframework.boot.test.autoconfigure.web.client.MockRestServiceServerResetTestExecutionListener, org.springframework.boot.test.autoconfigure.web.servlet.MockMvcPrintOnlyOnFailureTestExecutionListener, org.springframework.boot.test.autoconfigure.web.servlet.WebDriverTestExecutionListener, org.springframework.boot.test.autoconfigure.webservices.client.MockWebServiceServerTestExecutionListener, org.springframework.boot.test.mock.mockito.MockitoTestExecutionListener, org.springframework.boot.test.mock.mockito.ResetMocksTestExecutionListener, org.springframework.test.context.web.ServletTestExecutionListener, org.springframework.test.context.support.DirtiesContextBeforeModesTestExecutionListener, org.springframework.test.context.event.ApplicationEventsTestExecutionListener, org.springframework.test.context.support.DependencyInjectionTestExecutionListener, org.springframework.test.context.support.DirtiesContextTestExecutionListener, org.springframework.test.context.transaction.TransactionalTestExecutionListener, org.springframework.test.context.jdbc.SqlScriptsTestExecutionListener, org.springframework.test.context.event.EventPublishingTestExecutionListener]
22:21:39.956 [Test worker] INFO org.springframework.boot.test.context.SpringBootTestContextBootstrapper - Using TestExecutionListeners: [org.springframework.test.context.web.ServletTestExecutionListener@2cf92cc7, org.springframework.test.context.support.DirtiesContextBeforeModesTestExecutionListener@30ea8c23, org.springframework.test.context.event.ApplicationEventsTestExecutionListener@7b139eab, org.springframework.boot.test.mock.mockito.MockitoTestExecutionListener@4e76dac, org.springframework.boot.test.autoconfigure.SpringBootDependencyInjectionTestExecutionListener@611df6e3, org.springframework.test.context.support.DirtiesContextTestExecutionListener@5f2f577, org.springframework.test.context.transaction.TransactionalTestExecutionListener@6273c5a4, org.springframework.test.context.jdbc.SqlScriptsTestExecutionListener@5d465e4b, org.springframework.test.context.event.EventPublishingTestExecutionListener@53e211ee, org.springframework.boot.test.autoconfigure.restdocs.RestDocsTestExecutionListener@41a90fa8, org.springframework.boot.test.autoconfigure.web.client.MockRestServiceServerResetTestExecutionListener@3d8bbcdc, org.springframework.boot.test.autoconfigure.web.servlet.MockMvcPrintOnlyOnFailureTestExecutionListener@52500920, org.springframework.boot.test.autoconfigure.web.servlet.WebDriverTestExecutionListener@117e0fe5, org.springframework.boot.test.autoconfigure.webservices.client.MockWebServiceServerTestExecutionListener@18a3962d, org.springframework.boot.test.mock.mockito.ResetMocksTestExecutionListener@78aea4b9]
22:21:39.957 [Test worker] DEBUG org.springframework.test.annotation.ProfileValueUtils - Retrieved @ProfileValueSourceConfiguration [null] for test class [com.myfastcampuspay.banking.RegisterBankAccountControllerTest]
22:21:39.957 [Test worker] DEBUG org.springframework.test.annotation.ProfileValueUtils - Retrieved ProfileValueSource type [class org.springframework.test.annotation.SystemProfileValueSource] for class [com.myfastcampuspay.banking.RegisterBankAccountControllerTest]
22:21:39.958 [Test worker] DEBUG org.springframework.test.annotation.ProfileValueUtils - Retrieved @ProfileValueSourceConfiguration [null] for test class [com.myfastcampuspay.banking.RegisterBankAccountControllerTest]
22:21:39.958 [Test worker] DEBUG org.springframework.test.annotation.ProfileValueUtils - Retrieved ProfileValueSource type [class org.springframework.test.annotation.SystemProfileValueSource] for class [com.myfastcampuspay.banking.RegisterBankAccountControllerTest]
22:21:39.959 [Test worker] DEBUG org.springframework.test.annotation.ProfileValueUtils - Retrieved @ProfileValueSourceConfiguration [null] for test class [com.myfastcampuspay.banking.RegisterBankAccountControllerTest]
22:21:39.959 [Test worker] DEBUG org.springframework.test.annotation.ProfileValueUtils - Retrieved ProfileValueSource type [class org.springframework.test.annotation.SystemProfileValueSource] for class [com.myfastcampuspay.banking.RegisterBankAccountControllerTest]
22:21:39.960 [Test worker] DEBUG org.springframework.test.annotation.ProfileValueUtils - Retrieved @ProfileValueSourceConfiguration [null] for test class [com.myfastcampuspay.banking.RegisterBankAccountControllerTest]
22:21:39.960 [Test worker] DEBUG org.springframework.test.annotation.ProfileValueUtils - Retrieved ProfileValueSource type [class org.springframework.test.annotation.SystemProfileValueSource] for class [com.myfastcampuspay.banking.RegisterBankAccountControllerTest]
22:21:39.961 [Test worker] DEBUG org.springframework.test.annotation.ProfileValueUtils - Retrieved @ProfileValueSourceConfiguration [null] for test class [com.myfastcampuspay.banking.RegisterBankAccountControllerTest]
22:21:39.961 [Test worker] DEBUG org.springframework.test.annotation.ProfileValueUtils - Retrieved ProfileValueSource type [class org.springframework.test.annotation.SystemProfileValueSource] for class [com.myfastcampuspay.banking.RegisterBankAccountControllerTest]
22:21:39.963 [Test worker] DEBUG org.springframework.test.context.support.AbstractDirtiesContextTestExecutionListener - Before test class: context [DefaultTestContext@439a8f59 testClass = RegisterBankAccountControllerTest, testInstance = [null], testMethod = [null], testException = [null], mergedContextConfiguration = [WebMergedContextConfiguration@61861a29 testClass = RegisterBankAccountControllerTest, locations = '{}', classes = '{class com.myfastcampuspay.banking.BankingApplication}', contextInitializerClasses = '[]', activeProfiles = '{}', propertySourceLocations = '{}', propertySourceProperties = '{org.springframework.boot.test.context.SpringBootTestContextBootstrapper=true}', contextCustomizers = set[org.springframework.boot.test.autoconfigure.actuate.metrics.MetricsExportContextCustomizerFactory$DisableMetricExportContextCustomizer@40db2a24, org.springframework.boot.test.autoconfigure.properties.PropertyMappingContextCustomizer@4b3fa0b3, org.springframework.boot.test.autoconfigure.web.servlet.WebDriverContextCustomizerFactory$Customizer@53de625d, [ImportsContextCustomizer@31024624 key = [org.springframework.boot.test.autoconfigure.web.servlet.MockMvcAutoConfiguration, org.springframework.boot.test.autoconfigure.web.servlet.MockMvcWebClientAutoConfiguration, org.springframework.boot.test.autoconfigure.web.servlet.MockMvcWebDriverAutoConfiguration, org.springframework.boot.autoconfigure.security.oauth2.client.servlet.OAuth2ClientAutoConfiguration, org.springframework.boot.autoconfigure.security.oauth2.resource.servlet.OAuth2ResourceServerAutoConfiguration, org.springframework.boot.autoconfigure.security.servlet.SecurityAutoConfiguration, org.springframework.boot.autoconfigure.security.servlet.SecurityFilterAutoConfiguration, org.springframework.boot.autoconfigure.security.servlet.UserDetailsServiceAutoConfiguration, org.springframework.boot.test.autoconfigure.web.servlet.MockMvcSecurityConfiguration]], org.springframework.boot.test.context.filter.ExcludeFilterContextCustomizer@797cf65c, org.springframework.boot.test.json.DuplicateJsonObjectContextCustomizerFactory$DuplicateJsonObjectContextCustomizer@4fad9bb2, org.springframework.boot.test.mock.mockito.MockitoContextCustomizer@0, org.springframework.boot.test.web.client.TestRestTemplateContextCustomizer@331acdad, org.springframework.boot.test.context.SpringBootTestArgs@1, org.springframework.boot.test.context.SpringBootTestWebEnvironment@4241e0f4], resourceBasePath = 'src/main/webapp', contextLoader = 'org.springframework.boot.test.context.SpringBootContextLoader', parent = [null]], attributes = map['org.springframework.test.context.web.ServletTestExecutionListener.activateListener' -> true]], class annotated with @DirtiesContext [false] with mode [null].
22:21:39.964 [Test worker] DEBUG org.springframework.test.annotation.ProfileValueUtils - Retrieved @ProfileValueSourceConfiguration [null] for test class [com.myfastcampuspay.banking.RegisterBankAccountControllerTest]
22:21:39.964 [Test worker] DEBUG org.springframework.test.annotation.ProfileValueUtils - Retrieved ProfileValueSource type [class org.springframework.test.annotation.SystemProfileValueSource] for class [com.myfastcampuspay.banking.RegisterBankAccountControllerTest]
22:21:39.976 [Test worker] DEBUG org.springframework.test.context.support.TestPropertySourceUtils - Adding inlined properties to environment: {spring.jmx.enabled=false, org.springframework.boot.test.context.SpringBootTestContextBootstrapper=true}

  .   ____          _            __ _ _
 /\\ / ___'_ __ _ _(_)_ __  __ _ \ \ \ \
( ( )\___ | '_ | '_| | '_ \/ _` | \ \ \ \
 \\/  ___)| |_)| | | | | || (_| |  ) ) ) )
  '  |____| .__|_| |_|_| |_\__, | / / / /
 =========|_|==============|___/=/_/_/_/
 :: Spring Boot ::                (v2.5.2)

2024-04-17 22:21:40.113  INFO 15621 --- [    Test worker] c.m.b.RegisterBankAccountControllerTest  : Starting RegisterBankAccountControllerTest using Java 11.0.11 on MacBook-Pro-2.local with PID 15621 (started by kylekim in /Users/kylekim/Desktop/Web_Dev/myfastcampusPay/banking-service)
2024-04-17 22:21:40.114  INFO 15621 --- [    Test worker] c.m.b.RegisterBankAccountControllerTest  : No active profile set, falling back to default profiles: default
2024-04-17 22:21:40.627  INFO 15621 --- [    Test worker] .s.d.r.c.RepositoryConfigurationDelegate : Bootstrapping Spring Data JPA repositories in DEFAULT mode.
2024-04-17 22:21:40.650  INFO 15621 --- [    Test worker] .s.d.r.c.RepositoryConfigurationDelegate : Finished Spring Data repository scanning in 19 ms. Found 1 JPA repository interfaces.
2024-04-17 22:21:40.907  INFO 15621 --- [    Test worker] com.zaxxer.hikari.HikariDataSource       : HikariPool-1 - Starting...
2024-04-17 22:21:40.990  INFO 15621 --- [    Test worker] com.zaxxer.hikari.HikariDataSource       : HikariPool-1 - Start completed.
2024-04-17 22:21:41.025  INFO 15621 --- [    Test worker] o.hibernate.jpa.internal.util.LogHelper  : HHH000204: Processing PersistenceUnitInfo [name: default]
2024-04-17 22:21:41.049  INFO 15621 --- [    Test worker] org.hibernate.Version                    : HHH000412: Hibernate ORM core version 5.4.32.Final
2024-04-17 22:21:41.126  INFO 15621 --- [    Test worker] o.hibernate.annotations.common.Version   : HCANN000001: Hibernate Commons Annotations {5.1.2.Final}
2024-04-17 22:21:41.186  INFO 15621 --- [    Test worker] org.hibernate.dialect.Dialect            : HHH000400: Using dialect: org.hibernate.dialect.H2Dialect
2024-04-17 22:21:41.490  INFO 15621 --- [    Test worker] o.h.e.t.j.p.i.JtaPlatformInitiator       : HHH000490: Using JtaPlatform implementation: [org.hibernate.engine.transaction.jta.platform.internal.NoJtaPlatform]
2024-04-17 22:21:41.494  INFO 15621 --- [    Test worker] j.LocalContainerEntityManagerFactoryBean : Initialized JPA EntityManagerFactory for persistence unit 'default'
2024-04-17 22:21:41.806  WARN 15621 --- [    Test worker] JpaBaseConfiguration$JpaWebConfiguration : spring.jpa.open-in-view is enabled by default. Therefore, database queries may be performed during view rendering. Explicitly configure spring.jpa.open-in-view to disable this warning
2024-04-17 22:21:41.930  INFO 15621 --- [    Test worker] o.s.b.a.e.web.EndpointLinksResolver      : Exposing 1 endpoint(s) beneath base path '/actuator'
2024-04-17 22:21:41.992  INFO 15621 --- [    Test worker] pertySourcedRequestMappingHandlerMapping : Mapped URL path [/v2/api-docs] onto method [springfox.documentation.swagger2.web.Swagger2Controller#getDocumentation(String, HttpServletRequest)]
2024-04-17 22:21:42.248  INFO 15621 --- [    Test worker] o.s.b.t.m.w.SpringBootMockServletContext : Initializing Spring TestDispatcherServlet ''
2024-04-17 22:21:42.249  INFO 15621 --- [    Test worker] o.s.t.web.servlet.TestDispatcherServlet  : Initializing Servlet ''
2024-04-17 22:21:42.249  INFO 15621 --- [    Test worker] o.s.t.web.servlet.TestDispatcherServlet  : Completed initialization in 0 ms
2024-04-17 22:21:42.260  INFO 15621 --- [    Test worker] d.s.w.p.DocumentationPluginsBootstrapper : Context refreshed
2024-04-17 22:21:42.270  INFO 15621 --- [    Test worker] d.s.w.p.DocumentationPluginsBootstrapper : Found 1 custom documentation plugin(s)
2024-04-17 22:21:42.279  INFO 15621 --- [    Test worker] s.d.s.w.s.ApiListingReferenceScanner     : Scanning for api listing references
2024-04-17 22:21:42.327  INFO 15621 --- [    Test worker] c.m.b.RegisterBankAccountControllerTest  : Started RegisterBankAccountControllerTest in 2.347 seconds (JVM running for 2.834)
]]></system-out>
  <system-err><![CDATA[]]></system-err>
</testsuite>
